<?xml version="1.0" encoding="UTF-8"?>
<!-- Generated by org.testng.reporters.JUnitReportReporter -->
<testsuite name="testcases.TC_001" tests="1" time="0.265" ignored="0" failures="0" timestamp="16 Jun 2017 12:06:32 GMT" skipped="0" hostname="DT-ARRCHNNA" errors="0">
  <testcase name="test1" time="0.265" classname="testcases.TC_001"/>
</testsuite> <!-- testcases.TC_001 -->
